<?xml version="1.0" encoding="UTF-8"?>
<!-- Generated by org.testng.reporters.JUnitReportReporter -->
<testsuite hostname="DESKTOP-7LB9I78" failures="0" tests="2" name="testNG.DataProviderExample" time="0.018" errors="0" timestamp="22 May 2021 17:25:02 GMT" skipped="0">
  <testcase classname="testNG.DataProviderExample" name="test" time="0.015"/>
  <testcase classname="testNG.DataProviderExample" name="test" time="0.003"/>
</testsuite> <!-- testNG.DataProviderExample -->
