<?xml version="1.0" encoding="UTF-8"?>
<!-- Generated by org.testng.reporters.JUnitReportReporter -->
<testsuite hostname="DESKTOP-7LB9I78" failures="0" tests="1" name="testNG.TestCase2" time="0.003" errors="0" timestamp="22 May 2021 15:14:50 GMT" skipped="0">
  <testcase classname="testNG.TestCase2" name="test3" time="0.003"/>
</testsuite> <!-- testNG.TestCase2 -->
