<?xml version="1.0" encoding="UTF-8"?>
<!-- Generated by org.testng.reporters.JUnitReportReporter -->
<testsuite hostname="DESKTOP-7LB9I78" failures="0" tests="1" name="test.LoginTest" time="21.252" errors="0" timestamp="23 May 2021 14:04:33 GMT" skipped="0">
  <testcase classname="test.LoginTest" name="login" time="21.252"/>
</testsuite> <!-- test.LoginTest -->
