<?xml version="1.0" encoding="UTF-8"?>
<!-- Generated by org.testng.reporters.JUnitReportReporter -->
<testsuite hostname="DESKTOP-7LB9I78" failures="0" tests="1" name="test.TestCase2" time="0.020" errors="0" timestamp="22 May 2021 14:30:13 GMT" skipped="0">
  <testcase classname="test.TestCase2" name="test3" time="0.020"/>
</testsuite> <!-- test.TestCase2 -->
