<?xml version="1.0" encoding="UTF-8"?>
<!-- Generated by org.testng.reporters.JUnitReportReporter -->
<testsuite hostname="DESKTOP-7LB9I78" failures="0" tests="2" name="testNG.TestCase1" time="0.030" errors="0" timestamp="22 May 2021 15:14:50 GMT" skipped="0">
  <testcase classname="testNG.TestCase1" name="CreditTest2" time="0.004"/>
  <testcase classname="testNG.TestCase1" name="CreditTest1" time="0.026"/>
</testsuite> <!-- testNG.TestCase1 -->
