<?xml version="1.0" encoding="UTF-8"?>
<!-- Generated by org.testng.reporters.JUnitReportReporter -->
<testsuite skipped="0" hostname="DESKTOP-7LB9I78" name="test.LoginTest" tests="1" failures="0" timestamp="24 May 2021 08:46:44 GMT" time="77.107" errors="0">
  <testcase name="login" time="77.107" classname="test.LoginTest"/>
</testsuite> <!-- test.LoginTest -->
